<?xml version="1.0" encoding="UTF-8"?>
<!-- Generated by org.testng.reporters.JUnitReportReporter -->
<testsuite hostname="DESKTOP-JD6LHO3" failures="0" tests="1" name="com.demoqa.tests.PracticeFormTest" time="13.663" errors="0" timestamp="2024-04-22T04:26:26 CEST" skipped="0">
  <testcase classname="com.demoqa.tests.PracticeFormTest" name="createStudentAccountTest" time="13.663"/>
</testsuite> <!-- com.demoqa.tests.PracticeFormTest -->
